C51 COMPILER V9.01   NIXLED                                                                11/24/2020 14:38:05 PAGE 1   


C51 COMPILER V9.01, COMPILATION OF MODULE NIXLED
OBJECT MODULE PLACED IN ..\output\nixled.obj
COMPILER INVOKED BY: D:\Keil\Setup\C51\BIN\C51.EXE ..\src\dev\nixled.c BROWSE INCDIR(..\src\dev;..\src\main;..\src\sys) 
                    -DEBUG OBJECTEXTEND PRINT(.\nixled.lst) OBJECT(..\output\nixled.obj)

line level    source

   1          #include "nixled.h"
   2          #include "delay.h"
   3          
   4          void NixLed()
   5          {
   6   1              unsigned char code smgduan[]={0x3f,0x06,0x5b,0x4f,0x66,0x6d,0x7d};
   7   1              LSA=1;LSB=1;LSC=1;
   8   1      
   9   1              if(D5==0&&D6==0&&D7==0)
  10   1              {
  11   2                      P0=smgduan[6];
  12   2                      
  13   2              }
  14   1              else if(D5!=0&&D6==0&&D7==0)
  15   1              {
  16   2                       P0=smgduan[5];
  17   2                       
  18   2              }
  19   1              else if(D5==0&&D6!=0&&D7==0)
  20   1              {
  21   2                      P0=smgduan[4];
  22   2                      
  23   2              }
  24   1              else if(D5==0&&D6==0&&D7!=0)
  25   1              {
  26   2                      P0=smgduan[3];
  27   2                      
  28   2              }
  29   1              else if(D5!=0&&D6!=0&&D7==0)
  30   1              {
  31   2                      P0=smgduan[3];
  32   2                      
  33   2              }
  34   1              else if(D5==0&&D6!=0&&D7!=0)
  35   1              {
  36   2                      P0=smgduan[1];
  37   2                      
  38   2              }
  39   1              else if(D5!=0&&D6==0&&D7!=0)
  40   1              {
  41   2                      P0=smgduan[2];
  42   2                      
  43   2              }
  44   1              else if(D5!=0&&D6!=0&&D7!=0)
  45   1              {
  46   2                      P0=smgduan[0];
  47   2                      
  48   2              }
  49   1      }


MODULE INFORMATION:   STATIC OVERLAYABLE
   CODE SIZE        =    121    ----
   CONSTANT SIZE    =      7    ----
C51 COMPILER V9.01   NIXLED                                                                11/24/2020 14:38:05 PAGE 2   

   XDATA SIZE       =   ----    ----
   PDATA SIZE       =   ----    ----
   DATA SIZE        =   ----    ----
   IDATA SIZE       =   ----    ----
   BIT SIZE         =   ----    ----
END OF MODULE INFORMATION.


C51 COMPILATION COMPLETE.  0 WARNING(S),  0 ERROR(S)
