C51 COMPILER V9.01   SETTO                                                                 11/20/2020 14:40:52 PAGE 1   


C51 COMPILER V9.01, COMPILATION OF MODULE SETTO
OBJECT MODULE PLACED IN ..\output\setto.obj
COMPILER INVOKED BY: D:\Keil\Setup\C51\BIN\C51.EXE ..\src\dev\setto.c BROWSE INCDIR(..\src\dev;..\src\main;..\obj) DEBUG
                    - OBJECTEXTEND PRINT(.\setto.lst) OBJECT(..\output\setto.obj)

line level    source

   1          #include "setto.h"
   2          
   3          void SetT0()
   4          {
   5   1              TMOD|=0X01;
   6   1      
   7   1              TH0=0XFC;
   8   1              TL0=0X18;       
   9   1              ET0=1;
  10   1              EA=1;
  11   1              TR0=1;
  12   1      }


MODULE INFORMATION:   STATIC OVERLAYABLE
   CODE SIZE        =     16    ----
   CONSTANT SIZE    =   ----    ----
   XDATA SIZE       =   ----    ----
   PDATA SIZE       =   ----    ----
   DATA SIZE        =   ----    ----
   IDATA SIZE       =   ----    ----
   BIT SIZE         =   ----    ----
END OF MODULE INFORMATION.


C51 COMPILATION COMPLETE.  0 WARNING(S),  0 ERROR(S)
