C51 COMPILER V9.01   T0                                                                    11/20/2020 14:40:53 PAGE 1   


C51 COMPILER V9.01, COMPILATION OF MODULE T0
OBJECT MODULE PLACED IN ..\output\t0.obj
COMPILER INVOKED BY: D:\Keil\Setup\C51\BIN\C51.EXE ..\src\dev\t0.c BROWSE INCDIR(..\src\dev;..\src\main;..\obj) DEBUG OB
                    -JECTEXTEND PRINT(.\t0.lst) OBJECT(..\output\t0.obj)

line level    source

   1          #include "t0.h"
   2          
   3          void toT0() interrupt 1
   4          {
   5   1              u16 i;
   6   1              TH0=0XFC;
   7   1              TL0=0X18;
   8   1              i++;
   9   1              if(i == 3000)
  10   1              {
  11   2                      i = 0;
  12   2                      led1 = ~led1;   
  13   2              }       
  14   1      }


MODULE INFORMATION:   STATIC OVERLAYABLE
   CODE SIZE        =     39    ----
   CONSTANT SIZE    =   ----    ----
   XDATA SIZE       =   ----    ----
   PDATA SIZE       =   ----    ----
   DATA SIZE        =   ----       2
   IDATA SIZE       =   ----    ----
   BIT SIZE         =   ----    ----
END OF MODULE INFORMATION.


C51 COMPILATION COMPLETE.  0 WARNING(S),  0 ERROR(S)
