C51 COMPILER V9.01   MOTOR                                                                 12/20/2020 16:43:32 PAGE 1   


C51 COMPILER V9.01, COMPILATION OF MODULE MOTOR
OBJECT MODULE PLACED IN ..\output\motor.obj
COMPILER INVOKED BY: D:\Keil\Setup\C51\BIN\C51.EXE ..\src\dev\motor.c BROWSE INCDIR(..\src\dev;..\src\main;..\src\sys) D
                    -EBUG OBJECTEXTEND PRINT(.\motor.lst) OBJECT(..\output\motor.obj)

line level    source

   1          #include "motor.h"
   2          #include "delay.h"
   3          
   4          void MotorOn5s()
   5          {
   6   1              unsigned char i;
   7   1              motor = 0;
   8   1              for(i = 0; i < 100; i++)
   9   1              {
  10   2                      motor = 1;
  11   2                      Delay_ms(10);
  12   2              }
  13   1              motor = 0;
  14   1              
  15   1      }


MODULE INFORMATION:   STATIC OVERLAYABLE
   CODE SIZE        =     26    ----
   CONSTANT SIZE    =   ----    ----
   XDATA SIZE       =   ----    ----
   PDATA SIZE       =   ----    ----
   DATA SIZE        =   ----       1
   IDATA SIZE       =   ----    ----
   BIT SIZE         =   ----    ----
END OF MODULE INFORMATION.


C51 COMPILATION COMPLETE.  0 WARNING(S),  0 ERROR(S)
