C51 COMPILER V9.01   DELAY                                                                 12/06/2020 20:32:34 PAGE 1   


C51 COMPILER V9.01, COMPILATION OF MODULE DELAY
OBJECT MODULE PLACED IN ..\output\delay.obj
COMPILER INVOKED BY: D:\Keil\Setup\C51\BIN\C51.EXE ..\src\sys\delay.c BROWSE INCDIR(..\src\dev;..\src\main;..\src\sys) D
                    -EBUG OBJECTEXTEND PRINT(.\delay.lst) OBJECT(..\output\delay.obj)

line level    source

   1          #include "delay.h"
   2          
   3          void Delay_ms(unsigned int n)
   4          {
   5   1          unsigned int i=0,j=0;
   6   1          for(i=0;i<n;i++)
   7   1              for(j=0;j<123;j++);
   8   1      }
   9          
  10          void Delay_m(unsigned int n)
  11          {
  12   1          unsigned int i=0,j=0;
  13   1          for(i=0;i<n;i++)
  14   1              for(j=0;j<21738;j++);
  15   1      }
  16          
  17          
  18          void Delay_10um(unsigned int n)
  19          {
  20   1          while(n--);
  21   1      }


MODULE INFORMATION:   STATIC OVERLAYABLE
   CODE SIZE        =     75    ----
   CONSTANT SIZE    =   ----    ----
   XDATA SIZE       =   ----    ----
   PDATA SIZE       =   ----    ----
   DATA SIZE        =   ----    ----
   IDATA SIZE       =   ----    ----
   BIT SIZE         =   ----    ----
END OF MODULE INFORMATION.


C51 COMPILATION COMPLETE.  0 WARNING(S),  0 ERROR(S)
