C51 COMPILER V9.01   NIXLED                                                                12/06/2020 20:32:34 PAGE 1   


C51 COMPILER V9.01, COMPILATION OF MODULE NIXLED
OBJECT MODULE PLACED IN ..\output\nixled.obj
COMPILER INVOKED BY: D:\Keil\Setup\C51\BIN\C51.EXE ..\src\dev\nixled.c BROWSE INCDIR(..\src\dev;..\src\main;..\src\sys) 
                    -DEBUG OBJECTEXTEND PRINT(.\nixled.lst) OBJECT(..\output\nixled.obj)

line level    source

   1          #include "nixled.h"
   2          #include "delay.h"
   3          
   4          void NixLed()
   5          {
   6   1              unsigned char i;
   7   1              for(i=0;i<8;i++)
   8   1              {
   9   2                      switch(i)
  10   2                      {
  11   3                         case(0):
  12   3                                      LSA=1;LSB=1;LSC=1; break;       //"0"
  13   3                              case(1):
  14   3                                      LSA=0;LSB=1;LSC=1; break;
  15   3                              case(2):
  16   3                                      LSA=1;LSB=0;LSC=1; break;
  17   3                              case(3):        
  18   3                                      LSA=0;LSB=0;LSC=1; break;
  19   3                              case(4):
  20   3                                      LSA=1;LSB=1;LSC=0; break;
  21   3                              case(5):
  22   3                                      LSA=0;LSB=1;LSC=0; break;
  23   3                              case(6):
  24   3                                      LSA=1;LSB=0;LSC=0; break;
  25   3                              case(7):
  26   3                                      LSA=0;LSB=0;LSC=0; break;
  27   3                      }
  28   2                      P0=smg[i];
  29   2                      Delay_ms(1); 
  30   2                      P0=0x00;
  31   2              }
  32   1      }
  33          
  34          void GetTime()
  35          {
  36   1              nixtime[0] = smg[min / 10];
  37   1              nixtime[1] = smg[min % 10];
  38   1              nixtime[2] = 0x40;
  39   1              nixtime[3] = smg[sec / 10];
  40   1              nixtime[4] = smg[sec % 10];
  41   1              nixtime[5] = 0x40;
  42   1              nixtime[6] = smg[ssec / 10];
  43   1              nixtime[7] = smg[ssec % 10];
  44   1      }


MODULE INFORMATION:   STATIC OVERLAYABLE
   CODE SIZE        =    200    ----
   CONSTANT SIZE    =   ----    ----
   XDATA SIZE       =   ----    ----
   PDATA SIZE       =   ----    ----
   DATA SIZE        =     40       1
   IDATA SIZE       =   ----    ----
   BIT SIZE         =   ----    ----
C51 COMPILER V9.01   NIXLED                                                                12/06/2020 20:32:34 PAGE 2   

END OF MODULE INFORMATION.


C51 COMPILATION COMPLETE.  0 WARNING(S),  0 ERROR(S)
