C51 COMPILER V9.01   TIMER0INIT                                                            12/06/2020 20:32:34 PAGE 1   


C51 COMPILER V9.01, COMPILATION OF MODULE TIMER0INIT
OBJECT MODULE PLACED IN ..\output\timer0init.obj
COMPILER INVOKED BY: D:\Keil\Setup\C51\BIN\C51.EXE ..\src\dev\timer0init.c BROWSE INCDIR(..\src\dev;..\src\main;..\src\s
                    -ys) DEBUG OBJECTEXTEND PRINT(.\timer0init.lst) OBJECT(..\output\timer0init.obj)

line level    source

   1          #include "reg52.h"
   2          #include "timer0init.h"
   3          
   4          void Timer0Init()       //"interrupt 1"
   5          {
   6   1              TMOD|=0X01;
   7   1      
   8   1              TH0=0Xd8;               //"10ms"
   9   1              TL0=0Xf0;       
  10   1              ET0=1;
  11   1              EA=1;
  12   1              TR0=1;
  13   1      }


MODULE INFORMATION:   STATIC OVERLAYABLE
   CODE SIZE        =     16    ----
   CONSTANT SIZE    =   ----    ----
   XDATA SIZE       =   ----    ----
   PDATA SIZE       =   ----    ----
   DATA SIZE        =   ----    ----
   IDATA SIZE       =   ----    ----
   BIT SIZE         =   ----    ----
END OF MODULE INFORMATION.


C51 COMPILATION COMPLETE.  0 WARNING(S),  0 ERROR(S)
