C51 COMPILER V9.01   1602                                                                  12/06/2020 19:14:06 PAGE 1   


C51 COMPILER V9.01, COMPILATION OF MODULE 1602
OBJECT MODULE PLACED IN .\1602.obj
COMPILER INVOKED BY: D:\Keil\Setup\C51\BIN\C51.EXE ..\hareword\1602.c BROWSE INCDIR(..\hareword;..\user) DEBUG OBJECTEXT
                    -END PRINT(.\1602.lst) OBJECT(.\1602.obj)

line level    source

   1          #include "reg52.h"
   2          #include "delay.h"
   3          #include "1602.h"
   4          #include "intrins.h"
   5          
   6          sbit LCD1602_RS = P2^6;
   7          sbit LCD1602_RW = P2^5;
   8          sbit LCD1602_E = P2^7;
   9          
  10          void LcdWriteCom(u8 com)
  11          {
  12   1              LCD1602_RS = 0;
  13   1              LCD1602_RW = 0;
  14   1              
  15   1              LCD1602_DATAPINS = com;
  16   1              Delay_ns(1);
  17   1      
  18   1              LCD1602_E = 1;   
  19   1              Delay_ns(5);
  20   1              LCD1602_E = 0;
  21   1      
  22   1              LCD1602_DATAPINS = com << 4;
  23   1              Delay_ns(1);
  24   1      
  25   1              LCD1602_E = 1;   
  26   1              Delay_ns(5);
  27   1              LCD1602_E = 0;
  28   1      }
  29          
  30          void LcdWriteData(u8 dat)
  31          {
  32   1              LCD1602_E = 0;
  33   1              LCD1602_RS = 1;
  34   1              LCD1602_RW = 0;
  35   1      
  36   1              LCD1602_DATAPINS = dat; 
  37   1              Delay_ns(1);
  38   1      
  39   1              LCD1602_E = 1;  
  40   1              Delay_ns(5);  
  41   1              LCD1602_E = 0;
  42   1      
  43   1              LCD1602_DATAPINS = dat << 4;
  44   1              Delay_ns(1);
  45   1      
  46   1              LCD1602_E = 1;   
  47   1              Delay_ns(5);
  48   1              LCD1602_E = 0;
  49   1      }
  50          
  51          void Lcd()
  52          {
  53   1              LcdWriteCom(0x32);      
  54   1              LcdWriteCom(0x28);
C51 COMPILER V9.01   1602                                                                  12/06/2020 19:14:06 PAGE 2   

  55   1              LcdWriteCom(0x0c);
  56   1              LcdWriteCom(0x06);
  57   1              LcdWriteCom(0x01);      
  58   1      }


MODULE INFORMATION:   STATIC OVERLAYABLE
   CODE SIZE        =    133    ----
   CONSTANT SIZE    =   ----    ----
   XDATA SIZE       =   ----    ----
   PDATA SIZE       =   ----    ----
   DATA SIZE        =   ----       2
   IDATA SIZE       =   ----    ----
   BIT SIZE         =   ----    ----
END OF MODULE INFORMATION.


C51 COMPILATION COMPLETE.  0 WARNING(S),  0 ERROR(S)
