C51 COMPILER V9.01   KEY                                                                   12/06/2020 19:14:06 PAGE 1   


C51 COMPILER V9.01, COMPILATION OF MODULE KEY
OBJECT MODULE PLACED IN .\key.obj
COMPILER INVOKED BY: D:\Keil\Setup\C51\BIN\C51.EXE ..\hareword\key.c BROWSE INCDIR(..\hareword;..\user) DEBUG OBJECTEXTE
                    -ND PRINT(.\key.lst) OBJECT(.\key.obj)

line level    source

   1          #include "key.h"
   2          #include "delay.h"
   3          
   4          unsigned char num1=0;
   5          unsigned char num2=0;
   6          unsigned char ch1=0;
   7          unsigned char ch2=0;
   8          unsigned char sum=0;
   9          
  10          void Key_1()
  11          {
  12   1              num1 = 0;
  13   1              while(num1 == 0){
  14   2                      P17=1;P16=1;P15=1;P14=1;
  15   2                      P13=1;P12=1;P11=1;P10=1;
  16   2      
  17   2                      P16=0;
  18   2                      if(P13==0)
  19   2                      {                                        
  20   3                              Delay_ms(10);
  21   3                              if(P13==0)       
  22   3                              num1 = 7;
  23   3                      }
  24   2                      if(P12==0)
  25   2                      {
  26   3                              Delay_ms(10);
  27   3                              if(P12==0)
  28   3                              num1 = 8;
  29   3                      }
  30   2                      if(P11==0)
  31   2                      {
  32   3                              Delay_ms(10);
  33   3                              if(P11==0)       
  34   3                              num1 = 9;
  35   3                      }
  36   2                      P16=1;
  37   2      
  38   2                      P15=0;
  39   2                      if(P13==0)
  40   2                      {
  41   3                              Delay_ms(10);
  42   3                              if(P13==0)       
  43   3                              num1 = 4;
  44   3                      }
  45   2                      if(P12==0)
  46   2                      {
  47   3                              Delay_ms(10);
  48   3                              if(P12==0)
  49   3                              num1 = 5;
  50   3                      }
  51   2                      if(P11==0)
  52   2                      {
  53   3                              Delay_ms(10);
  54   3                              if(P11==0)       
C51 COMPILER V9.01   KEY                                                                   12/06/2020 19:14:06 PAGE 2   

  55   3                              num1 = 6;
  56   3                      }
  57   2                      P15=1;
  58   2      
  59   2                      P14=0;
  60   2                      if(P13==0)
  61   2                      {
  62   3                              Delay_ms(10);
  63   3                              if(P13==0)       
  64   3                              num1 = 1;
  65   3                      }
  66   2                      if(P12==0)
  67   2                      {
  68   3                              Delay_ms(10);
  69   3                              if(P12==0)
  70   3                              num1 = 2;
  71   3                      }
  72   2                      if(P11==0)
  73   2                      {
  74   3                              Delay_ms(10);
  75   3                              if(P11==0)       
  76   3                              num1 = 3;
  77   3                      }
  78   2                      P14=1;
  79   2      
  80   2                      P17=1;P16=1;P15=1;P14=1;
  81   2                      P13=1;P12=1;P11=1;P10=1;
  82   2              }
  83   1              
  84   1      }
  85          
  86          void Key_ch()
  87          {
  88   1              ch1 = 0;
  89   1              while(ch1 == 0){
  90   2                      if(P31==0)
  91   2                      {
  92   3                              Delay_ms(10);
  93   3                              if(P31==0)       
  94   3                              ch1 = 1;
  95   3                      }
  96   2                      if(P30==0)
  97   2                      {
  98   3                              Delay_ms(10);
  99   3                              if(P30==0)
 100   3                              ch1 = 2;
 101   3                      }
 102   2                      if(P32==0)
 103   2                      {
 104   3                              Delay_ms(10);
 105   3                              if(P32==0)       
 106   3                              ch1 = 3;
 107   3                      }
 108   2                      if(P33==0)
 109   2                      {
 110   3                              Delay_ms(10);
 111   3                              if(P33==0)
 112   3                              ch1 = 4;
 113   3                      }
 114   2              }
 115   1      
 116   1      }
C51 COMPILER V9.01   KEY                                                                   12/06/2020 19:14:06 PAGE 3   

 117          
 118          void Key_2()
 119          {
 120   1              num2 = 0;
 121   1              while(num2 == 0){
 122   2                      P17=1;P16=1;P15=1;P14=1;
 123   2                      P13=1;P12=1;P11=1;P10=1;
 124   2      
 125   2                      P16=0;
 126   2                      if(P13==0)
 127   2                      {
 128   3                              Delay_ms(10);
 129   3                              if(P13==0)       
 130   3                              num2 = 7;
 131   3                      }
 132   2                      if(P12==0)
 133   2                      {
 134   3                              Delay_ms(10);
 135   3                              if(P12==0)
 136   3                              num2 = 8;
 137   3                      }
 138   2                      if(P11==0)
 139   2                      {
 140   3                              Delay_ms(10);
 141   3                              if(P11==0)       
 142   3                              num2 = 9;
 143   3                      }
 144   2                      P16=1;
 145   2      
 146   2                      P15=0;
 147   2                      if(P13==0)
 148   2                      {
 149   3                              Delay_ms(10);
 150   3                              if(P13==0)       
 151   3                              num2 = 4;
 152   3                      }
 153   2                      if(P12==0)
 154   2                      {
 155   3                              Delay_ms(10);
 156   3                              if(P12==0)
 157   3                              num2 = 5;
 158   3                      }
 159   2                      if(P11==0)
 160   2                      {
 161   3                              Delay_ms(10);
 162   3                              if(P11==0)       
 163   3                              num2 = 6;
 164   3                      }
 165   2                      P15=1;
 166   2      
 167   2                      P14=0;
 168   2                      if(P13==0)
 169   2                      {
 170   3                              Delay_ms(10);
 171   3                              if(P13==0)       
 172   3                              num2 = 1;
 173   3                      }
 174   2                      if(P12==0)
 175   2                      {
 176   3                              Delay_ms(10);
 177   3                              if(P12==0)
 178   3                              num2 = 2;
C51 COMPILER V9.01   KEY                                                                   12/06/2020 19:14:06 PAGE 4   

 179   3                      }
 180   2                      if(P11==0)
 181   2                      {
 182   3                              Delay_ms(10);
 183   3                              if(P11==0)       
 184   3                              num2 = 3;
 185   3                      }
 186   2                      P14=1;
 187   2      
 188   2                      P17=1;P16=1;P15=1;P14=1;
 189   2                      P13=1;P12=1;P11=1;P10=1;
 190   2              }
 191   1      
 192   1      }
 193          
 194          void Add()
 195          {
 196   1              ch2 = 0;
 197   1              while(ch2 == 0){
 198   2                      P17=1;P16=1;P15=1;P14=1;
 199   2                      P13=1;P12=1;P11=1;P10=1;
 200   2                      
 201   2                      P14=0;
 202   2                      if(P10==0)
 203   2                      {
 204   3                              Delay_ms(10);
 205   3                              if(P10==0){
 206   4                                      ch2=1;   
 207   4                                      switch(ch1)
 208   4                                      {
 209   5                                              case 1: sum=num1+num2; break;
 210   5                                              case 2: sum=num1-num2; break;
 211   5                                              case 3: sum=num1*num2; break;
 212   5                                              case 4: sum=num1/num2; break;
 213   5                                      }
 214   4                              }
 215   3                      }
 216   2                      P14=0;  
 217   2              }
 218   1      }


MODULE INFORMATION:   STATIC OVERLAYABLE
   CODE SIZE        =    571    ----
   CONSTANT SIZE    =   ----    ----
   XDATA SIZE       =   ----    ----
   PDATA SIZE       =   ----    ----
   DATA SIZE        =      5    ----
   IDATA SIZE       =   ----    ----
   BIT SIZE         =   ----    ----
END OF MODULE INFORMATION.


C51 COMPILATION COMPLETE.  0 WARNING(S),  0 ERROR(S)
