C51 COMPILER V9.01   NIXLED                                                                12/06/2020 19:14:07 PAGE 1   


C51 COMPILER V9.01, COMPILATION OF MODULE NIXLED
OBJECT MODULE PLACED IN .\nixled.obj
COMPILER INVOKED BY: D:\Keil\Setup\C51\BIN\C51.EXE ..\hareword\nixled.c BROWSE INCDIR(..\hareword;..\user) DEBUG OBJECTE
                    -XTEND PRINT(.\nixled.lst) OBJECT(.\nixled.obj)

line level    source

   1          #include "nixled.h"
   2          #include "delay.h"
   3          
   4          unsigned char nix[]={0x3f,0x06,0x5b,0x4f,0x66,0x6d,0x7d,0x07,                   //"0  ~  E"
   5                                                   0x7f,0x6f,0x77,0x7c,0x39,0x5e,0x79,0x71};
   6          
   7          void NixLed1()
   8          {
   9   1              LSA = 1; LSB = 1; LSC = 1; 
  10   1              P0 = nix[num1];
  11   1      }
  12          
  13          void NixLed2()
  14          {
  15   1              LSA = 1; LSB = 1; LSC = 1; 
  16   1              P0 = nix[num2];
  17   1      }


MODULE INFORMATION:   STATIC OVERLAYABLE
   CODE SIZE        =     30    ----
   CONSTANT SIZE    =   ----    ----
   XDATA SIZE       =   ----    ----
   PDATA SIZE       =   ----    ----
   DATA SIZE        =     16    ----
   IDATA SIZE       =   ----    ----
   BIT SIZE         =   ----    ----
END OF MODULE INFORMATION.


C51 COMPILATION COMPLETE.  0 WARNING(S),  0 ERROR(S)
