C51 COMPILER V9.01   NIXLED                                                                12/05/2020 18:06:21 PAGE 1   


C51 COMPILER V9.01, COMPILATION OF MODULE NIXLED
OBJECT MODULE PLACED IN ..\output\nixled.obj
COMPILER INVOKED BY: D:\Keil\Setup\C51\BIN\C51.EXE ..\src\dev\nixled.c BROWSE INCDIR(..\src\dev;..\src\main;..\src\sys) 
                    -DEBUG OBJECTEXTEND PRINT(.\nixled.lst) OBJECT(..\output\nixled.obj)

line level    source

   1          #include "nixled.h"
   2          #include "delay.h"
   3          
   4          unsigned char i;
   5          unsigned char nix[]={0x3f,0x06,0x5b,0x4f,0x66,0x6d,0x7d,0x07,
   6                                                  0x7f,0x6f,0x77,0x7c,0x39,0x5e,0x79,0x71};
   7          unsigned char time[2];
   8          
   9          void NixLed()
  10          {
  11   1              
  12   1              for(i = 0; i < 2; i++)
  13   1              {
  14   2                      switch(i)
  15   2                      {
  16   3                              case(0):
  17   3                              LSA=1;LSB=1;LSC=1; break;
  18   3                              case(1):
  19   3                              LSA=0;LSB=1;LSC=1; break;
  20   3                      }
  21   2                      P0 = time[i];
  22   2                      Delay_ms(1);
  23   2                      P0 = 0x00;
  24   2                      }
  25   1      }
  26          
  27          void GetTime()
  28          {
  29   1              time[0] = nix[sec/10];
  30   1              time[1] = nix[sec%10];
  31   1      }


MODULE INFORMATION:   STATIC OVERLAYABLE
   CODE SIZE        =     76    ----
   CONSTANT SIZE    =   ----    ----
   XDATA SIZE       =   ----    ----
   PDATA SIZE       =   ----    ----
   DATA SIZE        =     19    ----
   IDATA SIZE       =   ----    ----
   BIT SIZE         =   ----    ----
END OF MODULE INFORMATION.


C51 COMPILATION COMPLETE.  0 WARNING(S),  0 ERROR(S)
