C51 COMPILER V9.01   T0                                                                    12/05/2020 18:06:21 PAGE 1   


C51 COMPILER V9.01, COMPILATION OF MODULE T0
OBJECT MODULE PLACED IN ..\output\t0.obj
COMPILER INVOKED BY: D:\Keil\Setup\C51\BIN\C51.EXE ..\src\dev\t0.c BROWSE INCDIR(..\src\dev;..\src\main;..\src\sys) DEBU
                    -G OBJECTEXTEND PRINT(.\t0.lst) OBJECT(..\output\t0.obj)

line level    source

   1          #include "t0.h"
   2          
   3          void toT0() interrupt 1
   4          {
   5   1      
   6   1              TH0=0xd8;
   7   1              TL0=0xf0;
   8   1              ssec++;
   9   1              if(ssec>=100)   //1s
  10   1              {
  11   2                      ssec=0;
  12   2                      sec++;
  13   2                      if(sec>=60)
  14   2                              sec=0;
  15   2              }
  16   1      }


MODULE INFORMATION:   STATIC OVERLAYABLE
   CODE SIZE        =     38    ----
   CONSTANT SIZE    =   ----    ----
   XDATA SIZE       =   ----    ----
   PDATA SIZE       =   ----    ----
   DATA SIZE        =      2    ----
   IDATA SIZE       =   ----    ----
   BIT SIZE         =   ----    ----
END OF MODULE INFORMATION.


C51 COMPILATION COMPLETE.  0 WARNING(S),  0 ERROR(S)
