C51 COMPILER V9.01   MAIN                                                                  11/20/2020 14:15:08 PAGE 1   


C51 COMPILER V9.01, COMPILATION OF MODULE MAIN
OBJECT MODULE PLACED IN ..\output\main.obj
COMPILER INVOKED BY: D:\Keil\Setup\C51\BIN\C51.EXE ..\src\main\main.c BROWSE INCDIR(..\src\dev;..\src\main;..\src\sys) D
                    -EBUG OBJECTEXTEND PRINT(.\main.lst) OBJECT(..\output\main.obj)

line level    source

   1          #include "reg52.h"
   2          #include "intrins.h"
   3          #include "delay.h"
   4          #include "1602.h"
   5          
   6          u8 dat1[] = "LiZhongnan!";
   7          void main()
   8          {
   9   1              u8 i;
  10   1      
  11   1              Lcd();
  12   1              LcdWriteCom(0x80);        
  13   1              for(i=0;i<11;i++)
  14   1              {
  15   2                      LcdWriteData(dat1[i]);            
  16   2              }
  17   1      //      LcdWriteCom(0xc0);
  18   1      //      for(i=0;i<8;i++)
  19   1      //      {
  20   1      //              LcdWriteData(dat2[i]);  
  21   1      //      }
  22   1              while(1);
  23   1      }


MODULE INFORMATION:   STATIC OVERLAYABLE
   CODE SIZE        =     32    ----
   CONSTANT SIZE    =   ----    ----
   XDATA SIZE       =   ----    ----
   PDATA SIZE       =   ----    ----
   DATA SIZE        =     12       1
   IDATA SIZE       =   ----    ----
   BIT SIZE         =   ----    ----
END OF MODULE INFORMATION.


C51 COMPILATION COMPLETE.  0 WARNING(S),  0 ERROR(S)
