C51 COMPILER V9.01   LED                                                                   11/17/2020 19:53:57 PAGE 1   


C51 COMPILER V9.01, COMPILATION OF MODULE LED
OBJECT MODULE PLACED IN ..\output\led.obj
COMPILER INVOKED BY: D:\Keil\Setup\C51\BIN\C51.EXE ..\src\dev\led.c BROWSE INCDIR(..\src\dev;..\src\main;..\src\sys) DEB
                    -UG OBJECTEXTEND PRINT(.\led.lst) OBJECT(..\output\led.obj)

line level    source

   1          #include "led.h"
   2          #include "delay.h"
   3          
   4          u8 n;
   5          
   6          void WaterLed()
   7          {
   8   1              P2 = 0xfe;      
   9   1              for(n = 0; n < 8; n++)
  10   1              {
  11   2                      P2 = _cror_(P2,1);
  12   2                      delay_ms(500);
  13   2              }
  14   1      }


MODULE INFORMATION:   STATIC OVERLAYABLE
   CODE SIZE        =     36    ----
   CONSTANT SIZE    =   ----    ----
   XDATA SIZE       =   ----    ----
   PDATA SIZE       =   ----    ----
   DATA SIZE        =      1    ----
   IDATA SIZE       =   ----    ----
   BIT SIZE         =   ----    ----
END OF MODULE INFORMATION.


C51 COMPILATION COMPLETE.  0 WARNING(S),  0 ERROR(S)
