C51 COMPILER V9.01   SWITCH                                                                11/17/2020 19:53:57 PAGE 1   


C51 COMPILER V9.01, COMPILATION OF MODULE SWITCH
OBJECT MODULE PLACED IN ..\output\switch.obj
COMPILER INVOKED BY: D:\Keil\Setup\C51\BIN\C51.EXE ..\src\dev\switch.c BROWSE INCDIR(..\src\dev;..\src\main;..\src\sys) 
                    -DEBUG OBJECTEXTEND PRINT(.\switch.lst) OBJECT(..\output\switch.obj)

line level    source

   1          #include "switch.h"
   2          #include "delay.h"
   3          
   4          void KeyDown()
   5          {
   6   1              k1 = 1; k2 = 1;
   7   1      
   8   1      
   9   1              k3 = 0;
  10   1              if(k1 == 0)
  11   1              {
  12   2                      delay_ms(100);
  13   2                      if(k1 == 0)
  14   2                              LED1 = ~LED1;
  15   2              }
  16   1              if(k2 == 0)
  17   1              {
  18   2                      delay_ms(100);
  19   2                      if(k2 == 0)
  20   2                              LED3 = ~LED3;
  21   2              }
  22   1              k3 = 1;
  23   1      
  24   1      
  25   1              k4 = 0;
  26   1              if(k1 == 0)
  27   1              {
  28   2                      delay_ms(100);
  29   2                      if(k1 == 0)
  30   2                              LED2 = ~LED2;
  31   2              }
  32   1              if(k2 == 0)
  33   1              {
  34   2                      delay_ms(100);
  35   2                      if(k2 == 0)
  36   2                              LED4 = ~LED4;
  37   2              }
  38   1              k4 = 1;         
  39   1      }


MODULE INFORMATION:   STATIC OVERLAYABLE
   CODE SIZE        =     73    ----
   CONSTANT SIZE    =   ----    ----
   XDATA SIZE       =   ----    ----
   PDATA SIZE       =   ----    ----
   DATA SIZE        =   ----    ----
   IDATA SIZE       =   ----    ----
   BIT SIZE         =   ----    ----
END OF MODULE INFORMATION.


C51 COMPILATION COMPLETE.  0 WARNING(S),  0 ERROR(S)
