C51 COMPILER V9.01   HC595SEND                                                             12/24/2020 18:19:25 PAGE 1   


C51 COMPILER V9.01, COMPILATION OF MODULE HC595SEND
OBJECT MODULE PLACED IN ..\output\hc595send.obj
COMPILER INVOKED BY: D:\Keil\Setup\C51\BIN\C51.EXE ..\src\dev\hc595send.c BROWSE INCDIR(..\src\dev;..\src\main;..\src\sy
                    -s) DEBUG OBJECTEXTEND PRINT(.\hc595send.lst) OBJECT(..\output\hc595send.obj)

line level    source

   1          #include "hc595send.h"
   2          #include "intrins.h"
   3          
   4          void HcSend(unsigned char dat)
   5          {
   6   1              unsigned char i;
   7   1      
   8   1              SRCLK = 1;
   9   1              RCLK = 1;
  10   1      
  11   1              for(i=0;i<8;i++)
  12   1              {
  13   2                      SER = dat >> 7; 
  14   2                      dat <<= 1;
  15   2      
  16   2                      SRCLK = 0;
  17   2                      _nop_();
  18   2                      _nop_();
  19   2                      SRCLK = 1;      
  20   2              }
  21   1              RCLK = 0;
  22   1              _nop_();
  23   1              _nop_();
  24   1              RCLK = 1;
  25   1      }


MODULE INFORMATION:   STATIC OVERLAYABLE
   CODE SIZE        =     38    ----
   CONSTANT SIZE    =   ----    ----
   XDATA SIZE       =   ----    ----
   PDATA SIZE       =   ----    ----
   DATA SIZE        =   ----    ----
   IDATA SIZE       =   ----    ----
   BIT SIZE         =   ----    ----
END OF MODULE INFORMATION.


C51 COMPILATION COMPLETE.  0 WARNING(S),  0 ERROR(S)
