C51 COMPILER V9.01   MAIN                                                                  11/18/2020 15:23:37 PAGE 1   


C51 COMPILER V9.01, COMPILATION OF MODULE MAIN
OBJECT MODULE PLACED IN ..\output\main.obj
COMPILER INVOKED BY: D:\Keil\Setup\C51\BIN\C51.EXE ..\src\main\main.c BROWSE INCDIR(..\src\dev;..\src\main;..\src\sys) D
                    -EBUG OBJECTEXTEND PRINT(.\main.lst) OBJECT(..\output\main.obj)

line level    source

   1          #include "config.h"
   2          
   3          void main()
   4          {
   5   1              while(1)
   6   1              {
   7   2                      NixLed();
*** WARNING C206 IN LINE 7 OF ..\SRC\MAIN\MAIN.C: 'NixLed': missing function-prototype
   8   2              }       
   9   1      }


MODULE INFORMATION:   STATIC OVERLAYABLE
   CODE SIZE        =      5    ----
   CONSTANT SIZE    =   ----    ----
   XDATA SIZE       =   ----    ----
   PDATA SIZE       =   ----    ----
   DATA SIZE        =   ----    ----
   IDATA SIZE       =   ----    ----
   BIT SIZE         =   ----    ----
END OF MODULE INFORMATION.


C51 COMPILATION COMPLETE.  1 WARNING(S),  0 ERROR(S)
