C51 COMPILER V9.01   NIXLED                                                                11/18/2020 15:23:37 PAGE 1   


C51 COMPILER V9.01, COMPILATION OF MODULE NIXLED
OBJECT MODULE PLACED IN ..\output\nixled.obj
COMPILER INVOKED BY: D:\Keil\Setup\C51\BIN\C51.EXE ..\src\dev\nixled.c BROWSE INCDIR(..\src\dev;..\src\main;..\src\sys) 
                    -DEBUG OBJECTEXTEND PRINT(.\nixled.lst) OBJECT(..\output\nixled.obj)

line level    source

   1          #include "nixled.h"
   2          #include "delay.h"
   3          
   4          void NixLed()
   5          {
   6   1              u8 i;
   7   1              LSA = 0; LSB = 0; LSC = 0;                              //"最后一位显示7"
   8   1              P0 = nix[0];
   9   1      //      for(i = 0; i < 7; i++)                                  //"显示7126354"
  10   1      //      {
  11   1      //              switch(i)
  12   1      //              {
  13   1      //                      case(0):
  14   1      //                      LSA=1;LSB=1;LSC=1; break;
  15   1      //                      case(1):
  16   1      //                      LSA=0;LSB=1;LSC=1; break;
  17   1      //                      case(2):
  18   1      //                      LSA=1;LSB=0;LSC=1; break;
  19   1      //                      case(3):        
  20   1      //                      LSA=0;LSB=0;LSC=1; break;
  21   1      //                      case(4):
  22   1      //                      LSA=1;LSB=1;LSC=0; break;
  23   1      //                      case(5):
  24   1      //                      LSA=0;LSB=1;LSC=0; break;
  25   1      //                      case(6):
  26   1      //                      LSA=1;LSB=0;LSC=0; break;
  27   1      //                      case(7):
  28   1      //                      LSA=0;LSB=0;LSC=0; break;
  29   1      //              }
  30   1      //              P0 = nix[i];
  31   1      //              delay_ms(3);
  32   1      //              P0 = 0x00;
  33   1      //              }
  34   1      }
*** WARNING C280 IN LINE 6 OF ..\SRC\DEV\NIXLED.C: 'i': unreferenced local variable


MODULE INFORMATION:   STATIC OVERLAYABLE
   CODE SIZE        =     10    ----
   CONSTANT SIZE    =   ----    ----
   XDATA SIZE       =   ----    ----
   PDATA SIZE       =   ----    ----
   DATA SIZE        =      7       1
   IDATA SIZE       =   ----    ----
   BIT SIZE         =   ----    ----
END OF MODULE INFORMATION.


C51 COMPILATION COMPLETE.  1 WARNING(S),  0 ERROR(S)
