C51 COMPILER V9.01   DELAY                                                                 11/15/2020 00:04:42 PAGE 1   


C51 COMPILER V9.01, COMPILATION OF MODULE DELAY
OBJECT MODULE PLACED IN ..\output\delay.obj
COMPILER INVOKED BY: D:\Keil\Setup\C51\BIN\C51.EXE ..\src\sys\delay.c BROWSE INCDIR(..\src\dev;..\src\main;..\src\sys) D
                    -EBUG OBJECTEXTEND PRINT(.\delay.lst) OBJECT(..\output\delay.obj)

line level    source

   1          #include <delay.h>
   2          
   3          void delay(unsigned int i)
   4          {
   5   1              while(i--);
   6   1      }


MODULE INFORMATION:   STATIC OVERLAYABLE
   CODE SIZE        =     11    ----
   CONSTANT SIZE    =   ----    ----
   XDATA SIZE       =   ----    ----
   PDATA SIZE       =   ----    ----
   DATA SIZE        =   ----    ----
   IDATA SIZE       =   ----    ----
   BIT SIZE         =   ----    ----
END OF MODULE INFORMATION.


C51 COMPILATION COMPLETE.  0 WARNING(S),  0 ERROR(S)
