C51 COMPILER V9.01   LED                                                                   11/15/2020 00:04:42 PAGE 1   


C51 COMPILER V9.01, COMPILATION OF MODULE LED
OBJECT MODULE PLACED IN ..\output\led.obj
COMPILER INVOKED BY: D:\Keil\Setup\C51\BIN\C51.EXE ..\src\dev\led.c BROWSE INCDIR(..\src\dev;..\src\main;..\src\sys) DEB
                    -UG OBJECTEXTEND PRINT(.\led.lst) OBJECT(..\output\led.obj)

line level    source

   1          #include <reg52.h>
   2          #include <delay.h>
   3          #include <led.h>
   4          #include <intrins.h>
   5          
   6          int i;
   7          
   8          void WaterLed()
   9          {
  10   1              P2 = 0xfe;      
  11   1              for(i = 0; i < 8; i++)
  12   1              {
  13   2                      P2 = _cror_(P2,1);
  14   2                      delay(10000);
  15   2              }
  16   1      }


MODULE INFORMATION:   STATIC OVERLAYABLE
   CODE SIZE        =     48    ----
   CONSTANT SIZE    =   ----    ----
   XDATA SIZE       =   ----    ----
   PDATA SIZE       =   ----    ----
   DATA SIZE        =      2    ----
   IDATA SIZE       =   ----    ----
   BIT SIZE         =   ----    ----
END OF MODULE INFORMATION.


C51 COMPILATION COMPLETE.  0 WARNING(S),  0 ERROR(S)
