C51 COMPILER V9.01   1602                                                                  11/17/2020 19:53:57 PAGE 1   


C51 COMPILER V9.01, COMPILATION OF MODULE 1602
OBJECT MODULE PLACED IN ..\output\1602.obj
COMPILER INVOKED BY: D:\Keil\Setup\C51\BIN\C51.EXE ..\src\dev\1602.c BROWSE INCDIR(..\src\dev;..\src\main;..\src\sys) DE
                    -BUG OBJECTEXTEND PRINT(.\1602.lst) OBJECT(..\output\1602.obj)

line level    source

   1          #include "1602.h"
   2          #include "delay.h"
   3          
   4          void LcdWriteCom(u8 com)
   5          {
   6   1              LCD1602_RS = 0;
   7   1              LCD1602_RW = 0;
   8   1              
   9   1              LCD1602_DATAPINS = com;
  10   1              delay_ns(1);
  11   1      
  12   1              LCD1602_E = 1;   
  13   1              delay_ns(5);
  14   1              LCD1602_E = 0;
  15   1      
  16   1              LCD1602_DATAPINS = com << 4;
  17   1              delay_ns(1);
  18   1      
  19   1              LCD1602_E = 1;   
  20   1              delay_ns(5);
  21   1              LCD1602_E = 0;
  22   1      }
  23          
  24          void LcdWriteData(u8 dat)
  25          {
  26   1              LCD1602_E = 0;
  27   1              LCD1602_RS = 1;
  28   1              LCD1602_RW = 0;
  29   1      
  30   1              LCD1602_DATAPINS = dat; 
  31   1              delay_ns(1);
  32   1      
  33   1              LCD1602_E = 1;  
  34   1              delay_ns(5);  
  35   1              LCD1602_E = 0;
  36   1      
  37   1              LCD1602_DATAPINS = dat << 4;
  38   1              delay_ns(1);
  39   1      
  40   1              LCD1602_E = 1;   
  41   1              delay_ns(5);
  42   1              LCD1602_E = 0;
  43   1      }
  44          
  45          void Lcd()
  46          {
  47   1              LcdWriteCom(0x32);      
  48   1              LcdWriteCom(0x28);
  49   1              LcdWriteCom(0x0c);
  50   1              LcdWriteCom(0x06);
  51   1              LcdWriteCom(0x01);      
  52   1      }


C51 COMPILER V9.01   1602                                                                  11/17/2020 19:53:57 PAGE 2   

MODULE INFORMATION:   STATIC OVERLAYABLE
   CODE SIZE        =    133    ----
   CONSTANT SIZE    =   ----    ----
   XDATA SIZE       =   ----    ----
   PDATA SIZE       =   ----    ----
   DATA SIZE        =   ----       2
   IDATA SIZE       =   ----    ----
   BIT SIZE         =   ----    ----
END OF MODULE INFORMATION.


C51 COMPILATION COMPLETE.  0 WARNING(S),  0 ERROR(S)
