C51 COMPILER V9.01   MAIN                                                                  11/17/2020 20:54:35 PAGE 1   


C51 COMPILER V9.01, COMPILATION OF MODULE MAIN
OBJECT MODULE PLACED IN ..\output\main.obj
COMPILER INVOKED BY: D:\Keil\Setup\C51\BIN\C51.EXE ..\src\main\main.c BROWSE INCDIR(..\src\dev;..\src\main;..\src\sys) D
                    -EBUG OBJECTEXTEND PRINT(.\main.lst) OBJECT(..\output\main.obj)

line level    source

   1          #include <reg52.h>
   2          #include <delay.h>
   3          #include <key.h>
   4          
   5          void main()
   6          {
   7   1              while(1)
   8   1              {
   9   2                      KeyDown();      
  10   2              }
  11   1      }


MODULE INFORMATION:   STATIC OVERLAYABLE
   CODE SIZE        =      5    ----
   CONSTANT SIZE    =   ----    ----
   XDATA SIZE       =   ----    ----
   PDATA SIZE       =   ----    ----
   DATA SIZE        =   ----    ----
   IDATA SIZE       =   ----    ----
   BIT SIZE         =   ----    ----
END OF MODULE INFORMATION.


C51 COMPILATION COMPLETE.  0 WARNING(S),  0 ERROR(S)
