C51 COMPILER V9.01   INT0                                                                  11/15/2020 11:38:39 PAGE 1   


C51 COMPILER V9.01, COMPILATION OF MODULE INT0
OBJECT MODULE PLACED IN ..\output\int0.obj
COMPILER INVOKED BY: D:\Keil\Setup\C51\BIN\C51.EXE ..\src\dev\int0.c BROWSE INCDIR(..\src\dev;..\src\main;..\src\sys) DE
                    -BUG OBJECTEXTEND PRINT(.\int0.lst) OBJECT(..\output\int0.obj)

line level    source

   1          #include "int0.h"
   2          #include "delay.h"
   3          #include "led.h"
   4          
   5          u8 j;
   6          
   7          void Int0() interrupt 0
   8          {
   9   1              if(key == 0)
  10   1              {
  11   2                      delay_ms(100);
  12   2                      if(key == 0) 
  13   2                      {
  14   3                              for(j = 0; j < 20; j++)
  15   3                              {
  16   4                                      led1 = ~led1;
  17   4                                      delay_ms(300);
  18   4                              }
  19   3                              j = 0;
  20   3                      }
  21   2              }       
  22   1      }


MODULE INFORMATION:   STATIC OVERLAYABLE
   CODE SIZE        =     93    ----
   CONSTANT SIZE    =   ----    ----
   XDATA SIZE       =   ----    ----
   PDATA SIZE       =   ----    ----
   DATA SIZE        =      1    ----
   IDATA SIZE       =   ----    ----
   BIT SIZE         =   ----    ----
END OF MODULE INFORMATION.


C51 COMPILATION COMPLETE.  0 WARNING(S),  0 ERROR(S)
