C51 COMPILER V9.01   LED                                                                   11/15/2020 11:38:39 PAGE 1   


C51 COMPILER V9.01, COMPILATION OF MODULE LED
OBJECT MODULE PLACED IN ..\output\led.obj
COMPILER INVOKED BY: D:\Keil\Setup\C51\BIN\C51.EXE ..\src\dev\led.c BROWSE INCDIR(..\src\dev;..\src\main;..\src\sys) DEB
                    -UG OBJECTEXTEND PRINT(.\led.lst) OBJECT(..\output\led.obj)

line level    source

   1          #include "led.h"
   2          #include "delay.h"
   3          
   4          u16 k;
   5          void Led()
   6          {
   7   1              for(k = 0; k < 10; k++)
   8   1              {
   9   2                      led1 = ~led1;
  10   2                      delay_ms(1000);
  11   2              }       
  12   1      }


MODULE INFORMATION:   STATIC OVERLAYABLE
   CODE SIZE        =     32    ----
   CONSTANT SIZE    =   ----    ----
   XDATA SIZE       =   ----    ----
   PDATA SIZE       =   ----    ----
   DATA SIZE        =      2    ----
   IDATA SIZE       =   ----    ----
   BIT SIZE         =   ----    ----
END OF MODULE INFORMATION.


C51 COMPILATION COMPLETE.  0 WARNING(S),  0 ERROR(S)
