C51 COMPILER V9.01   SETINT0                                                               11/15/2020 11:38:39 PAGE 1   


C51 COMPILER V9.01, COMPILATION OF MODULE SETINT0
OBJECT MODULE PLACED IN ..\output\setint0.obj
COMPILER INVOKED BY: D:\Keil\Setup\C51\BIN\C51.EXE ..\src\dev\setint0.c BROWSE INCDIR(..\src\dev;..\src\main;..\src\sys)
                    - DEBUG OBJECTEXTEND PRINT(.\setint0.lst) OBJECT(..\output\setint0.obj)

line level    source

   1          #include "setint0.h"
   2          
   3          void SetInt0()
   4          {
   5   1              IT0=1;
   6   1              EX0=1;
   7   1              EA=1;
   8   1      }


MODULE INFORMATION:   STATIC OVERLAYABLE
   CODE SIZE        =      7    ----
   CONSTANT SIZE    =   ----    ----
   XDATA SIZE       =   ----    ----
   PDATA SIZE       =   ----    ----
   DATA SIZE        =   ----    ----
   IDATA SIZE       =   ----    ----
   BIT SIZE         =   ----    ----
END OF MODULE INFORMATION.


C51 COMPILATION COMPLETE.  0 WARNING(S),  0 ERROR(S)
