C51 COMPILER V9.01   MAIN                                                                  11/15/2020 00:04:42 PAGE 1   


C51 COMPILER V9.01, COMPILATION OF MODULE MAIN
OBJECT MODULE PLACED IN ..\output\main.obj
COMPILER INVOKED BY: D:\Keil\Setup\C51\BIN\C51.EXE ..\src\main\main.c BROWSE INCDIR(..\src\dev;..\src\main;..\src\sys) D
                    -EBUG OBJECTEXTEND PRINT(.\main.lst) OBJECT(..\output\main.obj)

line level    source

   1          #include <reg52.h>
   2          #include <delay.h>
   3          #include <led.h>
   4          #include <intrins.h>
   5          
   6          void main()
   7          {       
   8   1              while(1)
   9   1              {
  10   2                      WaterLed();             
  11   2              }
  12   1      }


MODULE INFORMATION:   STATIC OVERLAYABLE
   CODE SIZE        =      5    ----
   CONSTANT SIZE    =   ----    ----
   XDATA SIZE       =   ----    ----
   PDATA SIZE       =   ----    ----
   DATA SIZE        =   ----    ----
   IDATA SIZE       =   ----    ----
   BIT SIZE         =   ----    ----
END OF MODULE INFORMATION.


C51 COMPILATION COMPLETE.  0 WARNING(S),  0 ERROR(S)
